Using pre-set license
Built from '2020.3/staging' branch; Version is '2020.3.0f1 (c7b5465681fb) revision 13088070'; Using compiler version '192528614'; Build Type 'Release'
OS: 'Windows 10 Education; OS build 19041.1415; Version 2004; 64bit' Language: 'ko' Physical Memory: 8109 MB
BatchMode: 1, IsHumanControllingUs: 0, StartBugReporterOnCrash: 0, Is64bit: 1, IsPro: 0

 COMMAND LINE ARGUMENTS:
C:\UnityEditor\2020.3.0f1\Editor\Unity.exe
-adb2
-batchMode
-noUpm
-name
AssetImportWorker0
-projectPath
C:/GithubDesktop/3Less/3Less/Proj_Dream
-logFile
Logs/AssetImportWorker0.log
-srvPort
50368
Successfully changed project path to: C:/GithubDesktop/3Less/3Less/Proj_Dream
C:/GithubDesktop/3Less/3Less/Proj_Dream
Using Asset Import Pipeline V2.
Refreshing native plugins compatible for Editor in 273.60 ms, found 2 plugins.
Preloading 0 native plugins for Editor in 0.00 ms.
Initialize engine version: 2020.3.0f1 (c7b5465681fb)
[Subsystems] Discovering subsystems at path C:/UnityEditor/2020.3.0f1/Editor/Data/Resources/UnitySubsystems
[Subsystems] Discovering subsystems at path C:/GithubDesktop/3Less/3Less/Proj_Dream/Assets
GfxDevice: creating device client; threaded=0
Direct3D:
    Version:  Direct3D 11.0 [level 11.1]
    Renderer: NVIDIA GeForce GTX 1050 Ti (ID=0x1c8c)
    Vendor:   
    VRAM:     1979 MB
    Driver:   24.21.13.9901
Initialize mono
Mono path[0] = 'C:/UnityEditor/2020.3.0f1/Editor/Data/Managed'
Mono path[1] = 'C:/UnityEditor/2020.3.0f1/Editor/Data/MonoBleedingEdge/lib/mono/unityjit'
Mono config path = 'C:/UnityEditor/2020.3.0f1/Editor/Data/MonoBleedingEdge/etc'
Using monoOptions --debugger-agent=transport=dt_socket,embedding=1,server=y,suspend=n,address=127.0.0.1:56344
Begin MonoManager ReloadAssembly
Registering precompiled unity dll's ...
Register platform support module: C:/UnityEditor/2020.3.0f1/Editor/Data/PlaybackEngines/WindowsStandaloneSupport/UnityEditor.WindowsStandalone.Extensions.dll
Registered in 0.006283 seconds.
Native extension for WindowsStandalone target not found
Refreshing native plugins compatible for Editor in 96.20 ms, found 2 plugins.
Preloading 0 native plugins for Editor in 0.00 ms.
Invoked RoslynAnalysisRunner static constructor.
RoslynAnalysisRunner will not be running.
RoslynAnalysisRunner has terminated.
Mono: successfully reloaded assembly
- Completed reload, in  6.035 seconds
Platform modules already initialized, skipping
Registering precompiled user dll's ...
Registered in 0.193945 seconds.
Begin MonoManager ReloadAssembly
Native extension for WindowsStandalone target not found
Refreshing native plugins compatible for Editor in 0.98 ms, found 2 plugins.
Preloading 0 native plugins for Editor in 0.00 ms.
Invoked RoslynAnalysisRunner static constructor.
RoslynAnalysisRunner will not be running.
RoslynAnalysisRunner has terminated.
Mono: successfully reloaded assembly
- Completed reload, in  4.468 seconds
Platform modules already initialized, skipping
========================================================================
Worker process is ready to serve import requests
Launched and connected shader compiler UnityShaderCompiler.exe after 0.10 seconds
Refreshing native plugins compatible for Editor in 0.93 ms, found 2 plugins.
Preloading 0 native plugins for Editor in 0.00 ms.
Unloading 1997 Unused Serialized files (Serialized files now loaded: 0)
System memory in use before: 102.1 MB.
System memory in use after: 101.2 MB.

Unloading 87 unused Assets to reduce memory usage. Loaded Objects now: 2378.
Total: 3.988400 ms (FindLiveObjects: 0.493500 ms CreateObjectMapping: 0.244100 ms MarkObjects: 2.290700 ms  DeleteObjects: 0.958400 ms)

========================================================================
Received Import Request.
  path: Assets/Scenes/Level_3.unity
  artifactKey: Guid(f0834aaf9eb4fd94e92368e769e370d6) Importer(815301076,1909f56bfc062723c751e8b465ee728b)
Start importing Assets/Scenes/Level_3.unity using Guid(f0834aaf9eb4fd94e92368e769e370d6) Importer(815301076,1909f56bfc062723c751e8b465ee728b)  -> (artifact id: '6a38783b913797fb00d96c64c3bbd7b2') in 0.025999 seconds
  Import took 0.030249 seconds .

========================================================================
Received Import Request.
  Time since last request: 0.000615 seconds.
  path: Assets/Scenes/Level_4.unity
  artifactKey: Guid(1fcc1dd92e2c20941815e762fef73a6d) Importer(815301076,1909f56bfc062723c751e8b465ee728b)
Start importing Assets/Scenes/Level_4.unity using Guid(1fcc1dd92e2c20941815e762fef73a6d) Importer(815301076,1909f56bfc062723c751e8b465ee728b)  -> (artifact id: 'b5d40cd5e9c92b6a355fc3ed53754afa') in 0.012757 seconds
  Import took 0.017248 seconds .

========================================================================
Received Import Request.
  Time since last request: 0.000363 seconds.
  path: Assets/Prefab/Phone/PhoneParent.prefab
  artifactKey: Guid(178dd37319298fa4fbc7867e08f462ad) Importer(815301076,1909f56bfc062723c751e8b465ee728b)
Start importing Assets/Prefab/Phone/PhoneParent.prefab using Guid(178dd37319298fa4fbc7867e08f462ad) Importer(815301076,1909f56bfc062723c751e8b465ee728b)  -> (artifact id: '6bbac9d978f4610cca07c3bb1966f4a3') in 0.213718 seconds
  Import took 0.222778 seconds .

========================================================================
Received Import Request.
  Time since last request: 3.820455 seconds.
  path: Assets/Prefab/Phone/PhoneParent.prefab
  artifactKey: Guid(178dd37319298fa4fbc7867e08f462ad) Importer(815301076,1909f56bfc062723c751e8b465ee728b)
Start importing Assets/Prefab/Phone/PhoneParent.prefab using Guid(178dd37319298fa4fbc7867e08f462ad) Importer(815301076,1909f56bfc062723c751e8b465ee728b)  -> (artifact id: '287c1712cfa86abf905e33353ee23d6c') in 0.082315 seconds
  Import took 0.094464 seconds .

========================================================================
Received Import Request.
  Time since last request: 6.285634 seconds.
  path: Assets/Prefab/Phone/PhoneParent.prefab
  artifactKey: Guid(178dd37319298fa4fbc7867e08f462ad) Importer(815301076,1909f56bfc062723c751e8b465ee728b)
Start importing Assets/Prefab/Phone/PhoneParent.prefab using Guid(178dd37319298fa4fbc7867e08f462ad) Importer(815301076,1909f56bfc062723c751e8b465ee728b)  -> (artifact id: '9b5a469f6cc5655dd1775dec3f8024a5') in 0.076910 seconds
  Import took 0.086068 seconds .

========================================================================
Received Import Request.
  Time since last request: 5.666650 seconds.
  path: Assets/Prefab/Phone/PhoneParent.prefab
  artifactKey: Guid(178dd37319298fa4fbc7867e08f462ad) Importer(815301076,1909f56bfc062723c751e8b465ee728b)
Start importing Assets/Prefab/Phone/PhoneParent.prefab using Guid(178dd37319298fa4fbc7867e08f462ad) Importer(815301076,1909f56bfc062723c751e8b465ee728b)  -> (artifact id: '5252719fb1c690a037a80480de307247') in 0.071976 seconds
  Import took 0.079439 seconds .

========================================================================
Received Prepare
Refreshing native plugins compatible for Editor in 42.02 ms, found 2 plugins.
Preloading 0 native plugins for Editor in 0.00 ms.
Unloading 77 Unused Serialized files (Serialized files now loaded: 0)
System memory in use before: 60.9 MB.
System memory in use after: 60.1 MB.

Unloading 80 unused Assets to reduce memory usage. Loaded Objects now: 2380.
Total: 5.871000 ms (FindLiveObjects: 1.064000 ms CreateObjectMapping: 0.158300 ms MarkObjects: 3.176200 ms  DeleteObjects: 1.468100 ms)

AssetImportWorkerClient::OnTransportError - code=2 error=End of file
