Using pre-set license
Built from '2020.3/staging' branch; Version is '2020.3.0f1 (c7b5465681fb) revision 13088070'; Using compiler version '192528614'; Build Type 'Release'
OS: 'Windows 10 Pro; OS build 19044.1237; Version 2009; 64bit' Language: 'ko' Physical Memory: 16300 MB
BatchMode: 1, IsHumanControllingUs: 0, StartBugReporterOnCrash: 0, Is64bit: 1, IsPro: 0

 COMMAND LINE ARGUMENTS:
C:\Program Files\Unity\Hub\Editor\2020.3.0f1\Editor\Unity.exe
-adb2
-batchMode
-noUpm
-name
AssetImportWorker0
-projectPath
C:/Users/CafeAlle/Documents/GitHub/3Less/Proj_Dream
-logFile
Logs/AssetImportWorker0.log
-srvPort
10303
Successfully changed project path to: C:/Users/CafeAlle/Documents/GitHub/3Less/Proj_Dream
C:/Users/CafeAlle/Documents/GitHub/3Less/Proj_Dream
Using Asset Import Pipeline V2.
Refreshing native plugins compatible for Editor in 49.00 ms, found 2 plugins.
Preloading 0 native plugins for Editor in 0.00 ms.
Initialize engine version: 2020.3.0f1 (c7b5465681fb)
[Subsystems] Discovering subsystems at path C:/Program Files/Unity/Hub/Editor/2020.3.0f1/Editor/Data/Resources/UnitySubsystems
[Subsystems] Discovering subsystems at path C:/Users/CafeAlle/Documents/GitHub/3Less/Proj_Dream/Assets
GfxDevice: creating device client; threaded=0
Direct3D:
    Version:  Direct3D 11.0 [level 11.1]
    Renderer: NVIDIA GeForce GTX 1070 (ID=0x1b81)
    Vendor:   
    VRAM:     8088 MB
    Driver:   30.0.14.7196
Initialize mono
Mono path[0] = 'C:/Program Files/Unity/Hub/Editor/2020.3.0f1/Editor/Data/Managed'
Mono path[1] = 'C:/Program Files/Unity/Hub/Editor/2020.3.0f1/Editor/Data/MonoBleedingEdge/lib/mono/unityjit'
Mono config path = 'C:/Program Files/Unity/Hub/Editor/2020.3.0f1/Editor/Data/MonoBleedingEdge/etc'
Using monoOptions --debugger-agent=transport=dt_socket,embedding=1,server=y,suspend=n,address=127.0.0.1:56588
Begin MonoManager ReloadAssembly
Registering precompiled unity dll's ...
Register platform support module: C:/Program Files/Unity/Hub/Editor/2020.3.0f1/Editor/Data/PlaybackEngines/WindowsStandaloneSupport/UnityEditor.WindowsStandalone.Extensions.dll
Registered in 0.000865 seconds.
Native extension for WindowsStandalone target not found
Refreshing native plugins compatible for Editor in 43.34 ms, found 2 plugins.
Preloading 0 native plugins for Editor in 0.00 ms.
Invoked RoslynAnalysisRunner static constructor.
RoslynAnalysisRunner will not be running.
RoslynAnalysisRunner has terminated.
Mono: successfully reloaded assembly
- Completed reload, in  0.756 seconds
Platform modules already initialized, skipping
Registering precompiled user dll's ...
Registered in 0.002533 seconds.
Begin MonoManager ReloadAssembly
Native extension for WindowsStandalone target not found
Refreshing native plugins compatible for Editor in 0.78 ms, found 2 plugins.
Preloading 0 native plugins for Editor in 0.00 ms.
Invoked RoslynAnalysisRunner static constructor.
RoslynAnalysisRunner will not be running.
RoslynAnalysisRunner has terminated.
Mono: successfully reloaded assembly
- Completed reload, in  0.790 seconds
Platform modules already initialized, skipping
========================================================================
Worker process is ready to serve import requests
Launched and connected shader compiler UnityShaderCompiler.exe after 0.03 seconds
Refreshing native plugins compatible for Editor in 0.73 ms, found 2 plugins.
Preloading 0 native plugins for Editor in 0.00 ms.
Unloading 1929 Unused Serialized files (Serialized files now loaded: 0)
System memory in use before: 93.1 MB.
System memory in use after: 91.8 MB.

Unloading 98 unused Assets to reduce memory usage. Loaded Objects now: 2312.
Total: 2.714000 ms (FindLiveObjects: 0.193900 ms CreateObjectMapping: 0.085300 ms MarkObjects: 1.499700 ms  DeleteObjects: 0.934200 ms)

========================================================================
Received Import Request.
  path: Assets/Scenes/Level_3.unity
  artifactKey: Guid(f0834aaf9eb4fd94e92368e769e370d6) Importer(815301076,1909f56bfc062723c751e8b465ee728b)
Start importing Assets/Scenes/Level_3.unity using Guid(f0834aaf9eb4fd94e92368e769e370d6) Importer(815301076,1909f56bfc062723c751e8b465ee728b)  -> (artifact id: '3bb43bcbafdaebbf0b38a2a6c479ba6d') in 0.010412 seconds
  Import took 0.013199 seconds .

========================================================================
Received Prepare
Registering precompiled user dll's ...
Registered in 0.002686 seconds.
Begin MonoManager ReloadAssembly
Native extension for WindowsStandalone target not found
Refreshing native plugins compatible for Editor in 0.93 ms, found 2 plugins.
Preloading 0 native plugins for Editor in 0.00 ms.
Invoked RoslynAnalysisRunner static constructor.
RoslynAnalysisRunner will not be running.
RoslynAnalysisRunner has terminated.
Mono: successfully reloaded assembly
- Completed reload, in  0.806 seconds
Platform modules already initialized, skipping
Refreshing native plugins compatible for Editor in 1.03 ms, found 2 plugins.
Preloading 0 native plugins for Editor in 0.00 ms.
Unloading 1884 Unused Serialized files (Serialized files now loaded: 0)
System memory in use before: 89.9 MB.
System memory in use after: 88.6 MB.

Unloading 89 unused Assets to reduce memory usage. Loaded Objects now: 2315.
Total: 2.676800 ms (FindLiveObjects: 0.228400 ms CreateObjectMapping: 0.073600 ms MarkObjects: 1.381900 ms  DeleteObjects: 0.991100 ms)

========================================================================
Received Import Request.
  Time since last request: 673.355454 seconds.
  path: Assets/Resources/JsonData/FirstLevel.txt
  artifactKey: Guid(2436cc91012696147a9d423e6faf3f77) Importer(815301076,1909f56bfc062723c751e8b465ee728b)
Start importing Assets/Resources/JsonData/FirstLevel.txt using Guid(2436cc91012696147a9d423e6faf3f77) Importer(815301076,1909f56bfc062723c751e8b465ee728b)  -> (artifact id: '00000000000000000000000000000000') in 0.058891 seconds
  ERROR: Build asset version error: assets/resources/jsondata/firstlevel.txt in SourceAssetDB has modification time of '2021-12-16T01:46:08.2366699Z' while content on disk has modification time of '2021-12-16T01:56:43.6528166Z'
  Import took 0.106845 seconds .

========================================================================
Received Import Request.
  Time since last request: 0.072546 seconds.
  path: Assets/Resources/JsonData/FirstLevel.txt
  artifactKey: Guid(2436cc91012696147a9d423e6faf3f77) Importer(815301076,1909f56bfc062723c751e8b465ee728b)
Start importing Assets/Resources/JsonData/FirstLevel.txt using Guid(2436cc91012696147a9d423e6faf3f77) Importer(815301076,1909f56bfc062723c751e8b465ee728b)  -> (artifact id: '00000000000000000000000000000000') in 0.000521 seconds
  ERROR: Build asset version error: assets/resources/jsondata/firstlevel.txt in SourceAssetDB has modification time of '2021-12-16T01:46:08.2366699Z' while content on disk has modification time of '2021-12-16T01:56:43.6528166Z'
  Import took 0.003272 seconds .

========================================================================
Received Import Request.
  Time since last request: 0.019812 seconds.
  path: Assets/Resources/JsonData/FirstLevel.txt
  artifactKey: Guid(2436cc91012696147a9d423e6faf3f77) Importer(815301076,1909f56bfc062723c751e8b465ee728b)
Start importing Assets/Resources/JsonData/FirstLevel.txt using Guid(2436cc91012696147a9d423e6faf3f77) Importer(815301076,1909f56bfc062723c751e8b465ee728b)  -> (artifact id: '00000000000000000000000000000000') in 0.000508 seconds
  ERROR: Build asset version error: assets/resources/jsondata/firstlevel.txt in SourceAssetDB has modification time of '2021-12-16T01:46:08.2366699Z' while content on disk has modification time of '2021-12-16T01:56:43.6528166Z'
  Import took 0.003256 seconds .

========================================================================
Received Import Request.
  Time since last request: 0.015469 seconds.
  path: Assets/Resources/JsonData/FirstLevel.txt
  artifactKey: Guid(2436cc91012696147a9d423e6faf3f77) Importer(815301076,1909f56bfc062723c751e8b465ee728b)
Start importing Assets/Resources/JsonData/FirstLevel.txt using Guid(2436cc91012696147a9d423e6faf3f77) Importer(815301076,1909f56bfc062723c751e8b465ee728b)  -> (artifact id: '00000000000000000000000000000000') in 0.000544 seconds
  ERROR: Build asset version error: assets/resources/jsondata/firstlevel.txt in SourceAssetDB has modification time of '2021-12-16T01:46:08.2366699Z' while content on disk has modification time of '2021-12-16T01:56:43.6528166Z'
  Import took 0.003177 seconds .

========================================================================
Received Import Request.
  Time since last request: 0.013729 seconds.
  path: Assets/Resources/JsonData/FirstLevel.txt
  artifactKey: Guid(2436cc91012696147a9d423e6faf3f77) Importer(815301076,1909f56bfc062723c751e8b465ee728b)
Start importing Assets/Resources/JsonData/FirstLevel.txt using Guid(2436cc91012696147a9d423e6faf3f77) Importer(815301076,1909f56bfc062723c751e8b465ee728b)  -> (artifact id: '00000000000000000000000000000000') in 0.000529 seconds
  ERROR: Build asset version error: assets/resources/jsondata/firstlevel.txt in SourceAssetDB has modification time of '2021-12-16T01:46:08.2366699Z' while content on disk has modification time of '2021-12-16T01:56:43.6528166Z'
  Import took 0.003112 seconds .

========================================================================
Received Import Request.
  Time since last request: 0.012986 seconds.
  path: Assets/Resources/JsonData/FirstLevel.txt
  artifactKey: Guid(2436cc91012696147a9d423e6faf3f77) Importer(815301076,1909f56bfc062723c751e8b465ee728b)
Start importing Assets/Resources/JsonData/FirstLevel.txt using Guid(2436cc91012696147a9d423e6faf3f77) Importer(815301076,1909f56bfc062723c751e8b465ee728b)  -> (artifact id: '00000000000000000000000000000000') in 0.000645 seconds
  ERROR: Build asset version error: assets/resources/jsondata/firstlevel.txt in SourceAssetDB has modification time of '2021-12-16T01:46:08.2366699Z' while content on disk has modification time of '2021-12-16T01:56:43.6528166Z'
  Import took 0.003449 seconds .

========================================================================
Received Import Request.
  Time since last request: 0.019123 seconds.
  path: Assets/Resources/JsonData/FirstLevel.txt
  artifactKey: Guid(2436cc91012696147a9d423e6faf3f77) Importer(815301076,1909f56bfc062723c751e8b465ee728b)
Start importing Assets/Resources/JsonData/FirstLevel.txt using Guid(2436cc91012696147a9d423e6faf3f77) Importer(815301076,1909f56bfc062723c751e8b465ee728b)  -> (artifact id: '00000000000000000000000000000000') in 0.000565 seconds
  ERROR: Build asset version error: assets/resources/jsondata/firstlevel.txt in SourceAssetDB has modification time of '2021-12-16T01:46:08.2366699Z' while content on disk has modification time of '2021-12-16T01:56:43.6528166Z'
  Import took 0.003223 seconds .

========================================================================
Received Import Request.
  Time since last request: 0.012832 seconds.
  path: Assets/Resources/JsonData/FirstLevel.txt
  artifactKey: Guid(2436cc91012696147a9d423e6faf3f77) Importer(815301076,1909f56bfc062723c751e8b465ee728b)
Start importing Assets/Resources/JsonData/FirstLevel.txt using Guid(2436cc91012696147a9d423e6faf3f77) Importer(815301076,1909f56bfc062723c751e8b465ee728b)  -> (artifact id: '00000000000000000000000000000000') in 0.000589 seconds
  ERROR: Build asset version error: assets/resources/jsondata/firstlevel.txt in SourceAssetDB has modification time of '2021-12-16T01:46:08.2366699Z' while content on disk has modification time of '2021-12-16T01:56:43.6528166Z'
  Import took 0.003143 seconds .

========================================================================
Received Import Request.
  Time since last request: 0.012562 seconds.
  path: Assets/Resources/JsonData/FirstLevel.txt
  artifactKey: Guid(2436cc91012696147a9d423e6faf3f77) Importer(815301076,1909f56bfc062723c751e8b465ee728b)
Start importing Assets/Resources/JsonData/FirstLevel.txt using Guid(2436cc91012696147a9d423e6faf3f77) Importer(815301076,1909f56bfc062723c751e8b465ee728b)  -> (artifact id: '00000000000000000000000000000000') in 0.000529 seconds
  ERROR: Build asset version error: assets/resources/jsondata/firstlevel.txt in SourceAssetDB has modification time of '2021-12-16T01:46:08.2366699Z' while content on disk has modification time of '2021-12-16T01:56:43.6528166Z'
  Import took 0.002971 seconds .

========================================================================
Received Import Request.
  Time since last request: 0.016350 seconds.
  path: Assets/Resources/JsonData/FirstLevel.txt
  artifactKey: Guid(2436cc91012696147a9d423e6faf3f77) Importer(815301076,1909f56bfc062723c751e8b465ee728b)
Start importing Assets/Resources/JsonData/FirstLevel.txt using Guid(2436cc91012696147a9d423e6faf3f77) Importer(815301076,1909f56bfc062723c751e8b465ee728b)  -> (artifact id: '00000000000000000000000000000000') in 0.000529 seconds
  ERROR: Build asset version error: assets/resources/jsondata/firstlevel.txt in SourceAssetDB has modification time of '2021-12-16T01:46:08.2366699Z' while content on disk has modification time of '2021-12-16T01:56:43.6528166Z'
  Import took 0.003091 seconds .

========================================================================
Received Import Request.
  Time since last request: 0.012732 seconds.
  path: Assets/Resources/JsonData/FirstLevel.txt
  artifactKey: Guid(2436cc91012696147a9d423e6faf3f77) Importer(815301076,1909f56bfc062723c751e8b465ee728b)
Start importing Assets/Resources/JsonData/FirstLevel.txt using Guid(2436cc91012696147a9d423e6faf3f77) Importer(815301076,1909f56bfc062723c751e8b465ee728b)  -> (artifact id: '00000000000000000000000000000000') in 0.000505 seconds
  ERROR: Build asset version error: assets/resources/jsondata/firstlevel.txt in SourceAssetDB has modification time of '2021-12-16T01:46:08.2366699Z' while content on disk has modification time of '2021-12-16T01:56:43.6528166Z'
  Import took 0.003053 seconds .

========================================================================
Received Import Request.
  Time since last request: 0.015517 seconds.
  path: Assets/Resources/JsonData/FirstLevel.txt
  artifactKey: Guid(2436cc91012696147a9d423e6faf3f77) Importer(815301076,1909f56bfc062723c751e8b465ee728b)
Start importing Assets/Resources/JsonData/FirstLevel.txt using Guid(2436cc91012696147a9d423e6faf3f77) Importer(815301076,1909f56bfc062723c751e8b465ee728b)  -> (artifact id: '00000000000000000000000000000000') in 0.000508 seconds
  ERROR: Build asset version error: assets/resources/jsondata/firstlevel.txt in SourceAssetDB has modification time of '2021-12-16T01:46:08.2366699Z' while content on disk has modification time of '2021-12-16T01:56:43.6528166Z'
  Import took 0.002949 seconds .

========================================================================
Received Import Request.
  Time since last request: 0.013104 seconds.
  path: Assets/Resources/JsonData/FirstLevel.txt
  artifactKey: Guid(2436cc91012696147a9d423e6faf3f77) Importer(815301076,1909f56bfc062723c751e8b465ee728b)
Start importing Assets/Resources/JsonData/FirstLevel.txt using Guid(2436cc91012696147a9d423e6faf3f77) Importer(815301076,1909f56bfc062723c751e8b465ee728b)  -> (artifact id: '00000000000000000000000000000000') in 0.000514 seconds
  ERROR: Build asset version error: assets/resources/jsondata/firstlevel.txt in SourceAssetDB has modification time of '2021-12-16T01:46:08.2366699Z' while content on disk has modification time of '2021-12-16T01:56:43.6528166Z'
  Import took 0.003139 seconds .

========================================================================
Received Import Request.
  Time since last request: 0.014085 seconds.
  path: Assets/Resources/JsonData/FirstLevel.txt
  artifactKey: Guid(2436cc91012696147a9d423e6faf3f77) Importer(815301076,1909f56bfc062723c751e8b465ee728b)
Start importing Assets/Resources/JsonData/FirstLevel.txt using Guid(2436cc91012696147a9d423e6faf3f77) Importer(815301076,1909f56bfc062723c751e8b465ee728b)  -> (artifact id: '00000000000000000000000000000000') in 0.000617 seconds
  ERROR: Build asset version error: assets/resources/jsondata/firstlevel.txt in SourceAssetDB has modification time of '2021-12-16T01:46:08.2366699Z' while content on disk has modification time of '2021-12-16T01:56:43.6528166Z'
  Import took 0.004286 seconds .

========================================================================
Received Import Request.
  Time since last request: 0.017461 seconds.
  path: Assets/Resources/JsonData/FirstLevel.txt
  artifactKey: Guid(2436cc91012696147a9d423e6faf3f77) Importer(815301076,1909f56bfc062723c751e8b465ee728b)
Start importing Assets/Resources/JsonData/FirstLevel.txt using Guid(2436cc91012696147a9d423e6faf3f77) Importer(815301076,1909f56bfc062723c751e8b465ee728b)  -> (artifact id: '00000000000000000000000000000000') in 0.000607 seconds
  ERROR: Build asset version error: assets/resources/jsondata/firstlevel.txt in SourceAssetDB has modification time of '2021-12-16T01:46:08.2366699Z' while content on disk has modification time of '2021-12-16T01:56:43.6528166Z'
  Import took 0.003395 seconds .

========================================================================
Received Import Request.
  Time since last request: 0.018068 seconds.
  path: Assets/Resources/JsonData/FirstLevel.txt
  artifactKey: Guid(2436cc91012696147a9d423e6faf3f77) Importer(815301076,1909f56bfc062723c751e8b465ee728b)
Start importing Assets/Resources/JsonData/FirstLevel.txt using Guid(2436cc91012696147a9d423e6faf3f77) Importer(815301076,1909f56bfc062723c751e8b465ee728b)  -> (artifact id: '00000000000000000000000000000000') in 0.000783 seconds
  ERROR: Build asset version error: assets/resources/jsondata/firstlevel.txt in SourceAssetDB has modification time of '2021-12-16T01:46:08.2366699Z' while content on disk has modification time of '2021-12-16T01:56:43.6528166Z'
  Import took 0.010218 seconds .

========================================================================
Received Import Request.
  Time since last request: 0.016059 seconds.
  path: Assets/Resources/JsonData/FirstLevel.txt
  artifactKey: Guid(2436cc91012696147a9d423e6faf3f77) Importer(815301076,1909f56bfc062723c751e8b465ee728b)
Start importing Assets/Resources/JsonData/FirstLevel.txt using Guid(2436cc91012696147a9d423e6faf3f77) Importer(815301076,1909f56bfc062723c751e8b465ee728b)  -> (artifact id: '00000000000000000000000000000000') in 0.000516 seconds
  ERROR: Build asset version error: assets/resources/jsondata/firstlevel.txt in SourceAssetDB has modification time of '2021-12-16T01:46:08.2366699Z' while content on disk has modification time of '2021-12-16T01:56:43.6528166Z'
  Import took 0.003213 seconds .

========================================================================
Received Import Request.
  Time since last request: 0.013717 seconds.
  path: Assets/Resources/JsonData/FirstLevel.txt
  artifactKey: Guid(2436cc91012696147a9d423e6faf3f77) Importer(815301076,1909f56bfc062723c751e8b465ee728b)
Start importing Assets/Resources/JsonData/FirstLevel.txt using Guid(2436cc91012696147a9d423e6faf3f77) Importer(815301076,1909f56bfc062723c751e8b465ee728b)  -> (artifact id: '00000000000000000000000000000000') in 0.000508 seconds
  ERROR: Build asset version error: assets/resources/jsondata/firstlevel.txt in SourceAssetDB has modification time of '2021-12-16T01:46:08.2366699Z' while content on disk has modification time of '2021-12-16T01:56:43.6528166Z'
  Import took 0.003368 seconds .

========================================================================
Received Import Request.
  Time since last request: 0.013611 seconds.
  path: Assets/Resources/JsonData/FirstLevel.txt
  artifactKey: Guid(2436cc91012696147a9d423e6faf3f77) Importer(815301076,1909f56bfc062723c751e8b465ee728b)
Start importing Assets/Resources/JsonData/FirstLevel.txt using Guid(2436cc91012696147a9d423e6faf3f77) Importer(815301076,1909f56bfc062723c751e8b465ee728b)  -> (artifact id: '00000000000000000000000000000000') in 0.000505 seconds
  ERROR: Build asset version error: assets/resources/jsondata/firstlevel.txt in SourceAssetDB has modification time of '2021-12-16T01:46:08.2366699Z' while content on disk has modification time of '2021-12-16T01:56:43.6528166Z'
  Import took 0.002978 seconds .

========================================================================
Received Import Request.
  Time since last request: 0.016458 seconds.
  path: Assets/Resources/JsonData/FirstLevel.txt
  artifactKey: Guid(2436cc91012696147a9d423e6faf3f77) Importer(815301076,1909f56bfc062723c751e8b465ee728b)
Start importing Assets/Resources/JsonData/FirstLevel.txt using Guid(2436cc91012696147a9d423e6faf3f77) Importer(815301076,1909f56bfc062723c751e8b465ee728b)  -> (artifact id: '00000000000000000000000000000000') in 0.000557 seconds
  ERROR: Build asset version error: assets/resources/jsondata/firstlevel.txt in SourceAssetDB has modification time of '2021-12-16T01:46:08.2366699Z' while content on disk has modification time of '2021-12-16T01:56:43.6528166Z'
  Import took 0.003397 seconds .

========================================================================
Received Import Request.
  Time since last request: 0.013206 seconds.
  path: Assets/Resources/JsonData/FirstLevel.txt
  artifactKey: Guid(2436cc91012696147a9d423e6faf3f77) Importer(815301076,1909f56bfc062723c751e8b465ee728b)
Start importing Assets/Resources/JsonData/FirstLevel.txt using Guid(2436cc91012696147a9d423e6faf3f77) Importer(815301076,1909f56bfc062723c751e8b465ee728b)  -> (artifact id: '00000000000000000000000000000000') in 0.000528 seconds
  ERROR: Build asset version error: assets/resources/jsondata/firstlevel.txt in SourceAssetDB has modification time of '2021-12-16T01:46:08.2366699Z' while content on disk has modification time of '2021-12-16T01:56:43.6528166Z'
  Import took 0.003022 seconds .

========================================================================
Received Import Request.
  Time since last request: 0.012471 seconds.
  path: Assets/Resources/JsonData/FirstLevel.txt
  artifactKey: Guid(2436cc91012696147a9d423e6faf3f77) Importer(815301076,1909f56bfc062723c751e8b465ee728b)
Start importing Assets/Resources/JsonData/FirstLevel.txt using Guid(2436cc91012696147a9d423e6faf3f77) Importer(815301076,1909f56bfc062723c751e8b465ee728b)  -> (artifact id: '00000000000000000000000000000000') in 0.000521 seconds
  ERROR: Build asset version error: assets/resources/jsondata/firstlevel.txt in SourceAssetDB has modification time of '2021-12-16T01:46:08.2366699Z' while content on disk has modification time of '2021-12-16T01:56:43.6528166Z'
  Import took 0.003154 seconds .

========================================================================
Received Import Request.
  Time since last request: 0.015996 seconds.
  path: Assets/Resources/JsonData/FirstLevel.txt
  artifactKey: Guid(2436cc91012696147a9d423e6faf3f77) Importer(815301076,1909f56bfc062723c751e8b465ee728b)
Start importing Assets/Resources/JsonData/FirstLevel.txt using Guid(2436cc91012696147a9d423e6faf3f77) Importer(815301076,1909f56bfc062723c751e8b465ee728b)  -> (artifact id: '00000000000000000000000000000000') in 0.000515 seconds
  ERROR: Build asset version error: assets/resources/jsondata/firstlevel.txt in SourceAssetDB has modification time of '2021-12-16T01:46:08.2366699Z' while content on disk has modification time of '2021-12-16T01:56:43.6528166Z'
  Import took 0.003284 seconds .

========================================================================
Received Import Request.
  Time since last request: 0.014025 seconds.
  path: Assets/Resources/JsonData/FirstLevel.txt
  artifactKey: Guid(2436cc91012696147a9d423e6faf3f77) Importer(815301076,1909f56bfc062723c751e8b465ee728b)
Start importing Assets/Resources/JsonData/FirstLevel.txt using Guid(2436cc91012696147a9d423e6faf3f77) Importer(815301076,1909f56bfc062723c751e8b465ee728b)  -> (artifact id: '00000000000000000000000000000000') in 0.000527 seconds
  ERROR: Build asset version error: assets/resources/jsondata/firstlevel.txt in SourceAssetDB has modification time of '2021-12-16T01:46:08.2366699Z' while content on disk has modification time of '2021-12-16T01:56:43.6528166Z'
  Import took 0.003161 seconds .

========================================================================
Received Import Request.
  Time since last request: 0.016026 seconds.
  path: Assets/Resources/JsonData/FirstLevel.txt
  artifactKey: Guid(2436cc91012696147a9d423e6faf3f77) Importer(815301076,1909f56bfc062723c751e8b465ee728b)
Start importing Assets/Resources/JsonData/FirstLevel.txt using Guid(2436cc91012696147a9d423e6faf3f77) Importer(815301076,1909f56bfc062723c751e8b465ee728b)  -> (artifact id: '00000000000000000000000000000000') in 0.000496 seconds
  ERROR: Build asset version error: assets/resources/jsondata/firstlevel.txt in SourceAssetDB has modification time of '2021-12-16T01:46:08.2366699Z' while content on disk has modification time of '2021-12-16T01:56:43.6528166Z'
  Import took 0.003173 seconds .

========================================================================
Received Import Request.
  Time since last request: 0.012507 seconds.
  path: Assets/Resources/JsonData/FirstLevel.txt
  artifactKey: Guid(2436cc91012696147a9d423e6faf3f77) Importer(815301076,1909f56bfc062723c751e8b465ee728b)
Start importing Assets/Resources/JsonData/FirstLevel.txt using Guid(2436cc91012696147a9d423e6faf3f77) Importer(815301076,1909f56bfc062723c751e8b465ee728b)  -> (artifact id: '00000000000000000000000000000000') in 0.000593 seconds
  ERROR: Build asset version error: assets/resources/jsondata/firstlevel.txt in SourceAssetDB has modification time of '2021-12-16T01:46:08.2366699Z' while content on disk has modification time of '2021-12-16T01:56:43.6528166Z'
  Import took 0.003397 seconds .

========================================================================
Received Import Request.
  Time since last request: 0.013007 seconds.
  path: Assets/Resources/JsonData/FirstLevel.txt
  artifactKey: Guid(2436cc91012696147a9d423e6faf3f77) Importer(815301076,1909f56bfc062723c751e8b465ee728b)
Start importing Assets/Resources/JsonData/FirstLevel.txt using Guid(2436cc91012696147a9d423e6faf3f77) Importer(815301076,1909f56bfc062723c751e8b465ee728b)  -> (artifact id: '00000000000000000000000000000000') in 0.000527 seconds
  ERROR: Build asset version error: assets/resources/jsondata/firstlevel.txt in SourceAssetDB has modification time of '2021-12-16T01:46:08.2366699Z' while content on disk has modification time of '2021-12-16T01:56:43.6528166Z'
  Import took 0.003028 seconds .

========================================================================
Received Import Request.
  Time since last request: 0.015865 seconds.
  path: Assets/Resources/JsonData/FirstLevel.txt
  artifactKey: Guid(2436cc91012696147a9d423e6faf3f77) Importer(815301076,1909f56bfc062723c751e8b465ee728b)
Start importing Assets/Resources/JsonData/FirstLevel.txt using Guid(2436cc91012696147a9d423e6faf3f77) Importer(815301076,1909f56bfc062723c751e8b465ee728b)  -> (artifact id: '00000000000000000000000000000000') in 0.000500 seconds
  ERROR: Build asset version error: assets/resources/jsondata/firstlevel.txt in SourceAssetDB has modification time of '2021-12-16T01:46:08.2366699Z' while content on disk has modification time of '2021-12-16T01:56:43.6528166Z'
  Import took 0.002924 seconds .

========================================================================
Received Import Request.
  Time since last request: 0.012560 seconds.
  path: Assets/Resources/JsonData/FirstLevel.txt
  artifactKey: Guid(2436cc91012696147a9d423e6faf3f77) Importer(815301076,1909f56bfc062723c751e8b465ee728b)
Start importing Assets/Resources/JsonData/FirstLevel.txt using Guid(2436cc91012696147a9d423e6faf3f77) Importer(815301076,1909f56bfc062723c751e8b465ee728b)  -> (artifact id: '00000000000000000000000000000000') in 0.000596 seconds
  ERROR: Build asset version error: assets/resources/jsondata/firstlevel.txt in SourceAssetDB has modification time of '2021-12-16T01:46:08.2366699Z' while content on disk has modification time of '2021-12-16T01:56:43.6528166Z'
  Import took 0.003144 seconds .

========================================================================
Received Import Request.
  Time since last request: 0.013531 seconds.
  path: Assets/Resources/JsonData/FirstLevel.txt
  artifactKey: Guid(2436cc91012696147a9d423e6faf3f77) Importer(815301076,1909f56bfc062723c751e8b465ee728b)
Start importing Assets/Resources/JsonData/FirstLevel.txt using Guid(2436cc91012696147a9d423e6faf3f77) Importer(815301076,1909f56bfc062723c751e8b465ee728b)  -> (artifact id: '00000000000000000000000000000000') in 0.000484 seconds
  ERROR: Build asset version error: assets/resources/jsondata/firstlevel.txt in SourceAssetDB has modification time of '2021-12-16T01:46:08.2366699Z' while content on disk has modification time of '2021-12-16T01:56:43.6528166Z'
  Import took 0.002977 seconds .

========================================================================
Received Import Request.
  Time since last request: 0.015100 seconds.
  path: Assets/Resources/JsonData/FirstLevel.txt
  artifactKey: Guid(2436cc91012696147a9d423e6faf3f77) Importer(815301076,1909f56bfc062723c751e8b465ee728b)
Start importing Assets/Resources/JsonData/FirstLevel.txt using Guid(2436cc91012696147a9d423e6faf3f77) Importer(815301076,1909f56bfc062723c751e8b465ee728b)  -> (artifact id: '00000000000000000000000000000000') in 0.000520 seconds
  ERROR: Build asset version error: assets/resources/jsondata/firstlevel.txt in SourceAssetDB has modification time of '2021-12-16T01:46:08.2366699Z' while content on disk has modification time of '2021-12-16T01:56:43.6528166Z'
  Import took 0.003159 seconds .

========================================================================
Received Import Request.
  Time since last request: 0.012619 seconds.
  path: Assets/Resources/JsonData/FirstLevel.txt
  artifactKey: Guid(2436cc91012696147a9d423e6faf3f77) Importer(815301076,1909f56bfc062723c751e8b465ee728b)
Start importing Assets/Resources/JsonData/FirstLevel.txt using Guid(2436cc91012696147a9d423e6faf3f77) Importer(815301076,1909f56bfc062723c751e8b465ee728b)  -> (artifact id: '00000000000000000000000000000000') in 0.000525 seconds
  ERROR: Build asset version error: assets/resources/jsondata/firstlevel.txt in SourceAssetDB has modification time of '2021-12-16T01:46:08.2366699Z' while content on disk has modification time of '2021-12-16T01:56:43.6528166Z'
  Import took 0.003389 seconds .

========================================================================
Received Import Request.
  Time since last request: 0.013145 seconds.
  path: Assets/Resources/JsonData/FirstLevel.txt
  artifactKey: Guid(2436cc91012696147a9d423e6faf3f77) Importer(815301076,1909f56bfc062723c751e8b465ee728b)
Start importing Assets/Resources/JsonData/FirstLevel.txt using Guid(2436cc91012696147a9d423e6faf3f77) Importer(815301076,1909f56bfc062723c751e8b465ee728b)  -> (artifact id: '00000000000000000000000000000000') in 0.000556 seconds
  ERROR: Build asset version error: assets/resources/jsondata/firstlevel.txt in SourceAssetDB has modification time of '2021-12-16T01:46:08.2366699Z' while content on disk has modification time of '2021-12-16T01:56:43.6528166Z'
  Import took 0.003305 seconds .

========================================================================
Received Import Request.
  Time since last request: 0.015242 seconds.
  path: Assets/Resources/JsonData/FirstLevel.txt
  artifactKey: Guid(2436cc91012696147a9d423e6faf3f77) Importer(815301076,1909f56bfc062723c751e8b465ee728b)
Start importing Assets/Resources/JsonData/FirstLevel.txt using Guid(2436cc91012696147a9d423e6faf3f77) Importer(815301076,1909f56bfc062723c751e8b465ee728b)  -> (artifact id: '00000000000000000000000000000000') in 0.000496 seconds
  ERROR: Build asset version error: assets/resources/jsondata/firstlevel.txt in SourceAssetDB has modification time of '2021-12-16T01:46:08.2366699Z' while content on disk has modification time of '2021-12-16T01:56:43.6528166Z'
  Import took 0.003160 seconds .

========================================================================
Received Import Request.
  Time since last request: 0.013903 seconds.
  path: Assets/Resources/JsonData/FirstLevel.txt
  artifactKey: Guid(2436cc91012696147a9d423e6faf3f77) Importer(815301076,1909f56bfc062723c751e8b465ee728b)
Start importing Assets/Resources/JsonData/FirstLevel.txt using Guid(2436cc91012696147a9d423e6faf3f77) Importer(815301076,1909f56bfc062723c751e8b465ee728b)  -> (artifact id: '00000000000000000000000000000000') in 0.000574 seconds
  ERROR: Build asset version error: assets/resources/jsondata/firstlevel.txt in SourceAssetDB has modification time of '2021-12-16T01:46:08.2366699Z' while content on disk has modification time of '2021-12-16T01:56:43.6528166Z'
  Import took 0.003553 seconds .

========================================================================
Received Import Request.
  Time since last request: 0.012799 seconds.
  path: Assets/Resources/JsonData/FirstLevel.txt
  artifactKey: Guid(2436cc91012696147a9d423e6faf3f77) Importer(815301076,1909f56bfc062723c751e8b465ee728b)
Start importing Assets/Resources/JsonData/FirstLevel.txt using Guid(2436cc91012696147a9d423e6faf3f77) Importer(815301076,1909f56bfc062723c751e8b465ee728b)  -> (artifact id: '00000000000000000000000000000000') in 0.000540 seconds
  ERROR: Build asset version error: assets/resources/jsondata/firstlevel.txt in SourceAssetDB has modification time of '2021-12-16T01:46:08.2366699Z' while content on disk has modification time of '2021-12-16T01:56:43.6528166Z'
  Import took 0.003702 seconds .

========================================================================
Received Import Request.
  Time since last request: 0.028966 seconds.
  path: Assets/Resources/JsonData/FirstLevel.txt
  artifactKey: Guid(2436cc91012696147a9d423e6faf3f77) Importer(815301076,1909f56bfc062723c751e8b465ee728b)
Start importing Assets/Resources/JsonData/FirstLevel.txt using Guid(2436cc91012696147a9d423e6faf3f77) Importer(815301076,1909f56bfc062723c751e8b465ee728b)  -> (artifact id: '00000000000000000000000000000000') in 0.017665 seconds
  ERROR: Build asset version error: assets/resources/jsondata/firstlevel.txt in SourceAssetDB has modification time of '2021-12-16T01:46:08.2366699Z' while content on disk has modification time of '2021-12-16T01:56:43.6528166Z'
  Import took 0.021134 seconds .

========================================================================
Received Import Request.
  Time since last request: 0.084424 seconds.
  path: Assets/Resources/JsonData/FirstLevel.txt
  artifactKey: Guid(2436cc91012696147a9d423e6faf3f77) Importer(815301076,1909f56bfc062723c751e8b465ee728b)
Start importing Assets/Resources/JsonData/FirstLevel.txt using Guid(2436cc91012696147a9d423e6faf3f77) Importer(815301076,1909f56bfc062723c751e8b465ee728b)  -> (artifact id: 'aefa57fd50d9215f44c7cb31a94ec7e1') in 0.001741 seconds
  Import took 0.004876 seconds .

========================================================================
Received Import Request.
  Time since last request: 0.743107 seconds.
  path: Assets/Resources/JsonData/Level2.txt
  artifactKey: Guid(661a957005090b544ba01cad675e6aff) Importer(815301076,1909f56bfc062723c751e8b465ee728b)
Start importing Assets/Resources/JsonData/Level2.txt using Guid(661a957005090b544ba01cad675e6aff) Importer(815301076,1909f56bfc062723c751e8b465ee728b)  -> (artifact id: 'c34b35be1b6e019a32248fbb7c2f2862') in 0.001697 seconds
  Import took 0.004369 seconds .

========================================================================
Received Import Request.
  Time since last request: 0.002807 seconds.
  path: Assets/Resources/JsonData/Level2.txt
  artifactKey: Guid(661a957005090b544ba01cad675e6aff) Importer(815301076,1909f56bfc062723c751e8b465ee728b)
Start importing Assets/Resources/JsonData/Level2.txt using Guid(661a957005090b544ba01cad675e6aff) Importer(815301076,1909f56bfc062723c751e8b465ee728b)  -> (artifact id: 'c34b35be1b6e019a32248fbb7c2f2862') in 0.001919 seconds
  Import took 0.004976 seconds .

========================================================================
Received Import Request.
  Time since last request: 2.182342 seconds.
  path: Assets/Resources/JsonData/Level1.txt
  artifactKey: Guid(2436cc91012696147a9d423e6faf3f77) Importer(815301076,1909f56bfc062723c751e8b465ee728b)
Start importing Assets/Resources/JsonData/Level1.txt using Guid(2436cc91012696147a9d423e6faf3f77) Importer(815301076,1909f56bfc062723c751e8b465ee728b)  -> (artifact id: '5cfe72f5e58c9e5be5a4b111821264a1') in 0.001533 seconds
  Import took 0.004194 seconds .

========================================================================
Received Prepare
Registering precompiled user dll's ...
Registered in 0.002777 seconds.
Begin MonoManager ReloadAssembly
Native extension for WindowsStandalone target not found
Refreshing native plugins compatible for Editor in 0.81 ms, found 2 plugins.
Preloading 0 native plugins for Editor in 0.00 ms.
Invoked RoslynAnalysisRunner static constructor.
RoslynAnalysisRunner will not be running.
RoslynAnalysisRunner has terminated.
Mono: successfully reloaded assembly
- Completed reload, in  0.732 seconds
Platform modules already initialized, skipping
Refreshing native plugins compatible for Editor in 0.79 ms, found 2 plugins.
Preloading 0 native plugins for Editor in 0.00 ms.
Unloading 1884 Unused Serialized files (Serialized files now loaded: 0)
System memory in use before: 90.0 MB.
System memory in use after: 88.7 MB.

Unloading 89 unused Assets to reduce memory usage. Loaded Objects now: 2318.
Total: 2.601100 ms (FindLiveObjects: 0.181900 ms CreateObjectMapping: 0.072600 ms MarkObjects: 1.330600 ms  DeleteObjects: 1.014800 ms)

========================================================================
Received Import Request.
  Time since last request: 1267.166123 seconds.
  path: Assets/ResLevel/Res1/Font/font2/NanumBarunGothic.ttf
  artifactKey: Guid(46a61c40a6c8ef14589fb4c34e5a4e29) Importer(815301076,1909f56bfc062723c751e8b465ee728b)
Start importing Assets/ResLevel/Res1/Font/font2/NanumBarunGothic.ttf using Guid(46a61c40a6c8ef14589fb4c34e5a4e29) Importer(815301076,1909f56bfc062723c751e8b465ee728b)  -> (artifact id: '88efcc96c5f19fbd02b8e8e7c1a0b466') in 0.100013 seconds
  Import took 0.103582 seconds .

========================================================================
Received Import Request.
  Time since last request: 0.003121 seconds.
  path: Assets/ResLevel/Res1/Font/font2/NanumBarunGothic.ttf
  artifactKey: Guid(46a61c40a6c8ef14589fb4c34e5a4e29) Importer(815301076,1909f56bfc062723c751e8b465ee728b)
Start importing Assets/ResLevel/Res1/Font/font2/NanumBarunGothic.ttf using Guid(46a61c40a6c8ef14589fb4c34e5a4e29) Importer(815301076,1909f56bfc062723c751e8b465ee728b)  -> (artifact id: '88efcc96c5f19fbd02b8e8e7c1a0b466') in 0.020638 seconds
  Import took 0.023368 seconds .

========================================================================
Received Import Request.
  Time since last request: 2.589863 seconds.
  path: Assets/ResLevel/Res1/Font/NanumBarunGothicBold.ttf
  artifactKey: Guid(9d510761bc6be64459d05d4821dda40b) Importer(815301076,1909f56bfc062723c751e8b465ee728b)
Start importing Assets/ResLevel/Res1/Font/NanumBarunGothicBold.ttf using Guid(9d510761bc6be64459d05d4821dda40b) Importer(815301076,1909f56bfc062723c751e8b465ee728b)  -> (artifact id: 'fc2e222cbf76b4b812efc315ce9d7735') in 0.012917 seconds
  Import took 0.015836 seconds .

========================================================================
Received Import Request.
  Time since last request: 0.000137 seconds.
  path: Assets/ResLevel/Res1/Font/NotoSansCJKkr-Bold.otf
  artifactKey: Guid(54eb5a4c151cd7c4889896a7fe5417cd) Importer(815301076,1909f56bfc062723c751e8b465ee728b)
Start importing Assets/ResLevel/Res1/Font/NotoSansCJKkr-Bold.otf using Guid(54eb5a4c151cd7c4889896a7fe5417cd) Importer(815301076,1909f56bfc062723c751e8b465ee728b)  -> (artifact id: '63b0e769c2c1605306572e2e5e3e32f8') in 0.025826 seconds
  Import took 0.029582 seconds .

========================================================================
Received Import Request.
  Time since last request: 0.000191 seconds.
  path: Assets/ResLevel/Res1/Font/NanumBarunGothicBold.ttf
  artifactKey: Guid(9d510761bc6be64459d05d4821dda40b) Importer(815301076,1909f56bfc062723c751e8b465ee728b)
Start importing Assets/ResLevel/Res1/Font/NanumBarunGothicBold.ttf using Guid(9d510761bc6be64459d05d4821dda40b) Importer(815301076,1909f56bfc062723c751e8b465ee728b)  -> (artifact id: 'fc2e222cbf76b4b812efc315ce9d7735') in 0.010089 seconds
  Import took 0.012968 seconds .

========================================================================
Received Import Request.
  Time since last request: 0.000141 seconds.
  path: Assets/ResLevel/Res1/Font/NotoSansCJKkr-Bold.otf
  artifactKey: Guid(54eb5a4c151cd7c4889896a7fe5417cd) Importer(815301076,1909f56bfc062723c751e8b465ee728b)
Start importing Assets/ResLevel/Res1/Font/NotoSansCJKkr-Bold.otf using Guid(54eb5a4c151cd7c4889896a7fe5417cd) Importer(815301076,1909f56bfc062723c751e8b465ee728b)  -> (artifact id: '63b0e769c2c1605306572e2e5e3e32f8') in 0.023077 seconds
  Import took 0.027103 seconds .

========================================================================
Received Import Request.
  Time since last request: 0.000260 seconds.
  path: Assets/ResLevel/Res1/Font/경기천년제목_Medium.ttf
  artifactKey: Guid(097141a7534134444aedce2b7a6f761d) Importer(815301076,1909f56bfc062723c751e8b465ee728b)
Start importing Assets/ResLevel/Res1/Font/경기천년제목_Medium.ttf using Guid(097141a7534134444aedce2b7a6f761d) Importer(815301076,1909f56bfc062723c751e8b465ee728b)  -> (artifact id: '41318dc36781d836a9be9bdb38b88b15') in 0.008791 seconds
  Import took 0.011608 seconds .

========================================================================
Received Prepare
Registering precompiled user dll's ...
Registered in 0.002622 seconds.
Begin MonoManager ReloadAssembly
Native extension for WindowsStandalone target not found
Refreshing native plugins compatible for Editor in 0.82 ms, found 2 plugins.
Preloading 0 native plugins for Editor in 0.00 ms.
Invoked RoslynAnalysisRunner static constructor.
RoslynAnalysisRunner will not be running.
RoslynAnalysisRunner has terminated.
Mono: successfully reloaded assembly
- Completed reload, in  0.769 seconds
Platform modules already initialized, skipping
Refreshing native plugins compatible for Editor in 0.79 ms, found 2 plugins.
Preloading 0 native plugins for Editor in 0.00 ms.
Unloading 1884 Unused Serialized files (Serialized files now loaded: 0)
System memory in use before: 93.4 MB.
System memory in use after: 92.1 MB.

Unloading 89 unused Assets to reduce memory usage. Loaded Objects now: 2365.
Total: 2.831800 ms (FindLiveObjects: 0.186200 ms CreateObjectMapping: 0.068900 ms MarkObjects: 1.603300 ms  DeleteObjects: 0.972000 ms)

========================================================================
Received Prepare
Registering precompiled user dll's ...
Registered in 0.002580 seconds.
Begin MonoManager ReloadAssembly
Native extension for WindowsStandalone target not found
Refreshing native plugins compatible for Editor in 0.87 ms, found 2 plugins.
Preloading 0 native plugins for Editor in 0.00 ms.
Invoked RoslynAnalysisRunner static constructor.
RoslynAnalysisRunner will not be running.
RoslynAnalysisRunner has terminated.
Mono: successfully reloaded assembly
- Completed reload, in  0.729 seconds
Platform modules already initialized, skipping
Refreshing native plugins compatible for Editor in 0.77 ms, found 2 plugins.
Preloading 0 native plugins for Editor in 0.00 ms.
Unloading 1884 Unused Serialized files (Serialized files now loaded: 0)
System memory in use before: 93.5 MB.
System memory in use after: 92.1 MB.

Unloading 89 unused Assets to reduce memory usage. Loaded Objects now: 2368.
Total: 3.467400 ms (FindLiveObjects: 0.196300 ms CreateObjectMapping: 0.076400 ms MarkObjects: 2.027700 ms  DeleteObjects: 1.165700 ms)

========================================================================
Received Prepare
Registering precompiled user dll's ...
Registered in 0.002945 seconds.
Begin MonoManager ReloadAssembly
Native extension for WindowsStandalone target not found
Refreshing native plugins compatible for Editor in 0.79 ms, found 2 plugins.
Preloading 0 native plugins for Editor in 0.00 ms.
Invoked RoslynAnalysisRunner static constructor.
RoslynAnalysisRunner will not be running.
RoslynAnalysisRunner has terminated.
Mono: successfully reloaded assembly
- Completed reload, in  0.807 seconds
Platform modules already initialized, skipping
Refreshing native plugins compatible for Editor in 0.79 ms, found 2 plugins.
Preloading 0 native plugins for Editor in 0.00 ms.
Unloading 1884 Unused Serialized files (Serialized files now loaded: 0)
System memory in use before: 93.4 MB.
System memory in use after: 92.1 MB.

Unloading 89 unused Assets to reduce memory usage. Loaded Objects now: 2371.
Total: 3.131000 ms (FindLiveObjects: 0.215900 ms CreateObjectMapping: 0.084700 ms MarkObjects: 1.768200 ms  DeleteObjects: 1.061200 ms)

========================================================================
Received Prepare
Registering precompiled user dll's ...
Registered in 0.002957 seconds.
Begin MonoManager ReloadAssembly
Native extension for WindowsStandalone target not found
Refreshing native plugins compatible for Editor in 0.79 ms, found 2 plugins.
Preloading 0 native plugins for Editor in 0.00 ms.
Invoked RoslynAnalysisRunner static constructor.
RoslynAnalysisRunner will not be running.
RoslynAnalysisRunner has terminated.
Mono: successfully reloaded assembly
- Completed reload, in  0.829 seconds
Platform modules already initialized, skipping
Refreshing native plugins compatible for Editor in 1.09 ms, found 2 plugins.
Preloading 0 native plugins for Editor in 0.00 ms.
Unloading 1884 Unused Serialized files (Serialized files now loaded: 0)
System memory in use before: 93.4 MB.
System memory in use after: 92.2 MB.

Unloading 89 unused Assets to reduce memory usage. Loaded Objects now: 2374.
Total: 3.863900 ms (FindLiveObjects: 0.193600 ms CreateObjectMapping: 0.075000 ms MarkObjects: 2.157900 ms  DeleteObjects: 1.436100 ms)

========================================================================
Received Prepare
Registering precompiled user dll's ...
Registered in 0.002557 seconds.
Begin MonoManager ReloadAssembly
Native extension for WindowsStandalone target not found
Refreshing native plugins compatible for Editor in 0.78 ms, found 2 plugins.
Preloading 0 native plugins for Editor in 0.00 ms.
Invoked RoslynAnalysisRunner static constructor.
RoslynAnalysisRunner will not be running.
RoslynAnalysisRunner has terminated.
Mono: successfully reloaded assembly
- Completed reload, in  0.779 seconds
Platform modules already initialized, skipping
Refreshing native plugins compatible for Editor in 0.83 ms, found 2 plugins.
Preloading 0 native plugins for Editor in 0.00 ms.
Unloading 1884 Unused Serialized files (Serialized files now loaded: 0)
System memory in use before: 93.4 MB.
System memory in use after: 92.2 MB.

Unloading 89 unused Assets to reduce memory usage. Loaded Objects now: 2377.
Total: 3.020800 ms (FindLiveObjects: 0.218100 ms CreateObjectMapping: 0.084500 ms MarkObjects: 1.611100 ms  DeleteObjects: 1.106000 ms)

========================================================================
Received Prepare
Registering precompiled user dll's ...
Registered in 0.002737 seconds.
Begin MonoManager ReloadAssembly
Native extension for WindowsStandalone target not found
Refreshing native plugins compatible for Editor in 0.80 ms, found 2 plugins.
Preloading 0 native plugins for Editor in 0.00 ms.
Invoked RoslynAnalysisRunner static constructor.
RoslynAnalysisRunner will not be running.
RoslynAnalysisRunner has terminated.
Mono: successfully reloaded assembly
- Completed reload, in  0.801 seconds
Platform modules already initialized, skipping
Refreshing native plugins compatible for Editor in 0.83 ms, found 2 plugins.
Preloading 0 native plugins for Editor in 0.00 ms.
Unloading 1884 Unused Serialized files (Serialized files now loaded: 0)
System memory in use before: 93.5 MB.
System memory in use after: 92.2 MB.

Unloading 89 unused Assets to reduce memory usage. Loaded Objects now: 2380.
Total: 3.244600 ms (FindLiveObjects: 0.196700 ms CreateObjectMapping: 0.076400 ms MarkObjects: 1.550900 ms  DeleteObjects: 1.419300 ms)

========================================================================
Received Prepare
Registering precompiled user dll's ...
Registered in 0.003016 seconds.
Begin MonoManager ReloadAssembly
Native extension for WindowsStandalone target not found
Refreshing native plugins compatible for Editor in 0.89 ms, found 2 plugins.
Preloading 0 native plugins for Editor in 0.00 ms.
Invoked RoslynAnalysisRunner static constructor.
RoslynAnalysisRunner will not be running.
RoslynAnalysisRunner has terminated.
Mono: successfully reloaded assembly
- Completed reload, in  0.753 seconds
Platform modules already initialized, skipping
Refreshing native plugins compatible for Editor in 0.89 ms, found 2 plugins.
Preloading 0 native plugins for Editor in 0.00 ms.
Unloading 1884 Unused Serialized files (Serialized files now loaded: 0)
System memory in use before: 93.5 MB.
System memory in use after: 92.2 MB.

Unloading 89 unused Assets to reduce memory usage. Loaded Objects now: 2383.
Total: 2.842100 ms (FindLiveObjects: 0.190900 ms CreateObjectMapping: 0.071400 ms MarkObjects: 1.467700 ms  DeleteObjects: 1.110800 ms)

========================================================================
Received Prepare
Registering precompiled user dll's ...
Registered in 0.002612 seconds.
Begin MonoManager ReloadAssembly
Native extension for WindowsStandalone target not found
Refreshing native plugins compatible for Editor in 0.78 ms, found 2 plugins.
Preloading 0 native plugins for Editor in 0.00 ms.
Invoked RoslynAnalysisRunner static constructor.
RoslynAnalysisRunner will not be running.
RoslynAnalysisRunner has terminated.
Mono: successfully reloaded assembly
- Completed reload, in  0.718 seconds
Platform modules already initialized, skipping
Refreshing native plugins compatible for Editor in 0.78 ms, found 2 plugins.
Preloading 0 native plugins for Editor in 0.00 ms.
Unloading 1884 Unused Serialized files (Serialized files now loaded: 0)
System memory in use before: 93.5 MB.
System memory in use after: 92.2 MB.

Unloading 89 unused Assets to reduce memory usage. Loaded Objects now: 2386.
Total: 3.163600 ms (FindLiveObjects: 0.190600 ms CreateObjectMapping: 0.073100 ms MarkObjects: 1.548000 ms  DeleteObjects: 1.350800 ms)

========================================================================
Received Prepare
Registering precompiled user dll's ...
Registered in 0.002576 seconds.
Begin MonoManager ReloadAssembly
Native extension for WindowsStandalone target not found
Refreshing native plugins compatible for Editor in 0.80 ms, found 2 plugins.
Preloading 0 native plugins for Editor in 0.00 ms.
Invoked RoslynAnalysisRunner static constructor.
RoslynAnalysisRunner will not be running.
RoslynAnalysisRunner has terminated.
Mono: successfully reloaded assembly
- Completed reload, in  0.740 seconds
Platform modules already initialized, skipping
Refreshing native plugins compatible for Editor in 0.77 ms, found 2 plugins.
Preloading 0 native plugins for Editor in 0.00 ms.
Unloading 1884 Unused Serialized files (Serialized files now loaded: 0)
System memory in use before: 93.5 MB.
System memory in use after: 92.2 MB.

Unloading 89 unused Assets to reduce memory usage. Loaded Objects now: 2389.
Total: 2.904900 ms (FindLiveObjects: 0.190700 ms CreateObjectMapping: 0.068600 ms MarkObjects: 1.536200 ms  DeleteObjects: 1.108200 ms)

========================================================================
Received Prepare
Registering precompiled user dll's ...
Registered in 0.002567 seconds.
Begin MonoManager ReloadAssembly
Native extension for WindowsStandalone target not found
Refreshing native plugins compatible for Editor in 0.86 ms, found 2 plugins.
Preloading 0 native plugins for Editor in 0.00 ms.
Invoked RoslynAnalysisRunner static constructor.
RoslynAnalysisRunner will not be running.
RoslynAnalysisRunner has terminated.
Mono: successfully reloaded assembly
- Completed reload, in  0.762 seconds
Platform modules already initialized, skipping
Refreshing native plugins compatible for Editor in 0.79 ms, found 2 plugins.
Preloading 0 native plugins for Editor in 0.00 ms.
Unloading 1884 Unused Serialized files (Serialized files now loaded: 0)
System memory in use before: 93.5 MB.
System memory in use after: 92.2 MB.

Unloading 89 unused Assets to reduce memory usage. Loaded Objects now: 2392.
Total: 3.636700 ms (FindLiveObjects: 0.265800 ms CreateObjectMapping: 0.108300 ms MarkObjects: 1.817000 ms  DeleteObjects: 1.443500 ms)

========================================================================
Received Prepare
Registering precompiled user dll's ...
Registered in 0.002610 seconds.
Begin MonoManager ReloadAssembly
Native extension for WindowsStandalone target not found
Refreshing native plugins compatible for Editor in 0.83 ms, found 2 plugins.
Preloading 0 native plugins for Editor in 0.00 ms.
Invoked RoslynAnalysisRunner static constructor.
RoslynAnalysisRunner will not be running.
RoslynAnalysisRunner has terminated.
Mono: successfully reloaded assembly
- Completed reload, in  0.735 seconds
Platform modules already initialized, skipping
Refreshing native plugins compatible for Editor in 0.80 ms, found 2 plugins.
Preloading 0 native plugins for Editor in 0.00 ms.
Unloading 1884 Unused Serialized files (Serialized files now loaded: 0)
System memory in use before: 93.5 MB.
System memory in use after: 92.2 MB.

Unloading 89 unused Assets to reduce memory usage. Loaded Objects now: 2395.
Total: 2.891900 ms (FindLiveObjects: 0.188300 ms CreateObjectMapping: 0.058100 ms MarkObjects: 1.490200 ms  DeleteObjects: 1.154200 ms)

========================================================================
Received Prepare
Registering precompiled user dll's ...
Registered in 0.002893 seconds.
Begin MonoManager ReloadAssembly
Native extension for WindowsStandalone target not found
Refreshing native plugins compatible for Editor in 0.78 ms, found 2 plugins.
Preloading 0 native plugins for Editor in 0.00 ms.
Invoked RoslynAnalysisRunner static constructor.
RoslynAnalysisRunner will not be running.
RoslynAnalysisRunner has terminated.
Mono: successfully reloaded assembly
- Completed reload, in  0.737 seconds
Platform modules already initialized, skipping
Refreshing native plugins compatible for Editor in 0.88 ms, found 2 plugins.
Preloading 0 native plugins for Editor in 0.00 ms.
Unloading 1884 Unused Serialized files (Serialized files now loaded: 0)
System memory in use before: 93.4 MB.
System memory in use after: 92.2 MB.

Unloading 89 unused Assets to reduce memory usage. Loaded Objects now: 2398.
Total: 3.084200 ms (FindLiveObjects: 0.195600 ms CreateObjectMapping: 0.072600 ms MarkObjects: 1.641400 ms  DeleteObjects: 1.173000 ms)

========================================================================
Received Prepare
Registering precompiled user dll's ...
Registered in 0.002580 seconds.
Begin MonoManager ReloadAssembly
Native extension for WindowsStandalone target not found
Refreshing native plugins compatible for Editor in 0.81 ms, found 2 plugins.
Preloading 0 native plugins for Editor in 0.00 ms.
Invoked RoslynAnalysisRunner static constructor.
RoslynAnalysisRunner will not be running.
RoslynAnalysisRunner has terminated.
Mono: successfully reloaded assembly
- Completed reload, in  0.806 seconds
Platform modules already initialized, skipping
Refreshing native plugins compatible for Editor in 0.87 ms, found 2 plugins.
Preloading 0 native plugins for Editor in 0.00 ms.
Unloading 1884 Unused Serialized files (Serialized files now loaded: 0)
System memory in use before: 93.5 MB.
System memory in use after: 92.2 MB.

Unloading 89 unused Assets to reduce memory usage. Loaded Objects now: 2401.
Total: 3.168600 ms (FindLiveObjects: 0.289200 ms CreateObjectMapping: 0.112100 ms MarkObjects: 1.599200 ms  DeleteObjects: 1.166600 ms)

========================================================================
Received Prepare
Registering precompiled user dll's ...
Registered in 0.002753 seconds.
Begin MonoManager ReloadAssembly
Native extension for WindowsStandalone target not found
Refreshing native plugins compatible for Editor in 0.80 ms, found 2 plugins.
Preloading 0 native plugins for Editor in 0.00 ms.
Invoked RoslynAnalysisRunner static constructor.
RoslynAnalysisRunner will not be running.
RoslynAnalysisRunner has terminated.
Mono: successfully reloaded assembly
- Completed reload, in  0.755 seconds
Platform modules already initialized, skipping
Refreshing native plugins compatible for Editor in 0.82 ms, found 2 plugins.
Preloading 0 native plugins for Editor in 0.00 ms.
Unloading 1884 Unused Serialized files (Serialized files now loaded: 0)
System memory in use before: 93.5 MB.
System memory in use after: 92.2 MB.

Unloading 93 unused Assets to reduce memory usage. Loaded Objects now: 2404.
Total: 3.213800 ms (FindLiveObjects: 0.225300 ms CreateObjectMapping: 0.076000 ms MarkObjects: 1.610800 ms  DeleteObjects: 1.300400 ms)

========================================================================
Received Import Request.
  Time since last request: 1267.432173 seconds.
  path: Assets/Scripts/Shader
  artifactKey: Guid(9dc954f5ffc6a0440a8cb7d3930ef924) Importer(815301076,1909f56bfc062723c751e8b465ee728b)
Start importing Assets/Scripts/Shader using Guid(9dc954f5ffc6a0440a8cb7d3930ef924) Importer(815301076,1909f56bfc062723c751e8b465ee728b)  -> (artifact id: '6bbde8fcf104d0c5bc94c91984a35729') in 0.003628 seconds
  Import took 0.006421 seconds .

========================================================================
Received Import Request.
  Time since last request: 0.236225 seconds.
  path: Assets/Scripts/Trigger
  artifactKey: Guid(25ab82aadb3979b49842844e26285971) Importer(815301076,1909f56bfc062723c751e8b465ee728b)
Start importing Assets/Scripts/Trigger using Guid(25ab82aadb3979b49842844e26285971) Importer(815301076,1909f56bfc062723c751e8b465ee728b)  -> (artifact id: '8bca1b99c942c19deab4f9503706fd0f') in 0.002946 seconds
  Import took 0.005878 seconds .

========================================================================
Received Import Request.
  Time since last request: 1.421318 seconds.
  path: Assets/Scripts/Old
  artifactKey: Guid(1e1d696a85995174e88203820e8ae44e) Importer(815301076,1909f56bfc062723c751e8b465ee728b)
Start importing Assets/Scripts/Old using Guid(1e1d696a85995174e88203820e8ae44e) Importer(815301076,1909f56bfc062723c751e8b465ee728b)  -> (artifact id: '3f8575f4aac47984e6dee886a125b21b') in 0.001363 seconds
  Import took 0.004160 seconds .

========================================================================
Received Prepare
Registering precompiled user dll's ...
Registered in 0.002566 seconds.
Begin MonoManager ReloadAssembly
Native extension for WindowsStandalone target not found
Refreshing native plugins compatible for Editor in 0.79 ms, found 2 plugins.
Preloading 0 native plugins for Editor in 0.00 ms.
Invoked RoslynAnalysisRunner static constructor.
RoslynAnalysisRunner will not be running.
RoslynAnalysisRunner has terminated.
Mono: successfully reloaded assembly
- Completed reload, in  0.736 seconds
Platform modules already initialized, skipping
Refreshing native plugins compatible for Editor in 0.83 ms, found 2 plugins.
Preloading 0 native plugins for Editor in 0.00 ms.
Unloading 1884 Unused Serialized files (Serialized files now loaded: 0)
System memory in use before: 93.5 MB.
System memory in use after: 92.2 MB.

Unloading 89 unused Assets to reduce memory usage. Loaded Objects now: 2407.
Total: 2.900700 ms (FindLiveObjects: 0.182200 ms CreateObjectMapping: 0.069400 ms MarkObjects: 1.520500 ms  DeleteObjects: 1.127800 ms)

AssetImportWorkerClient::OnTransportError - code=2 error=End of file
